########### array before sorts ###########
0	3.302000	0.000000	76.708000	0.000000	n
1	76.708000	0.000000	77.562620	0.112513	n
2	77.562620	0.112513	78.359000	0.442384	n
3	78.359000	0.442384	79.042867	0.967133	n
4	79.042867	0.967133	79.567616	1.651000	n
5	79.567616	1.651000	79.897487	2.447379	n
6	79.897487	2.447379	80.010000	3.302000	n
7	80.010000	3.302000	80.010000	36.703000	n
8	80.010000	36.703000	79.897487	37.557620	n
9	79.897487	37.557620	79.567616	38.354000	n
10	79.567616	38.354000	79.042867	39.037867	n
11	79.042867	39.037867	78.359000	39.562616	n
12	78.359000	39.562616	77.562620	39.892487	n
13	77.562620	39.892487	76.708000	40.005000	n
14	76.708000	40.005000	3.302000	40.005000	n
15	3.302000	40.005000	2.447380	39.892487	n
16	2.447380	39.892487	1.651000	39.562616	n
17	1.651000	39.562616	0.967133	39.037867	n
18	0.967133	39.037867	0.442384	38.354000	n
19	0.442384	38.354000	0.112513	37.557620	n
20	0.112513	37.557620	0.000000	36.703000	n
21	0.000000	36.703000	0.000000	3.302000	n
22	0.000000	3.302000	0.112513	2.447380	n
23	0.112513	2.447380	0.442384	1.651000	n
24	0.442384	1.651000	0.967133	0.967133	n
25	0.967133	0.967133	1.651000	0.442384	n
26	1.651000	0.442384	2.447379	0.112513	n
27	2.447379	0.112513	3.302000	0.000000	n
Tolerance=0.050000.
*Exact match for i=0 and j=1.
*i point 3.302000	0.000000	76.708000	0.000000	y
*Exact match for i=1 and j=2.
*i point 76.708000	0.000000	77.562620	0.112513	y
*Exact match for i=2 and j=3.
*i point 77.562620	0.112513	78.359000	0.442384	y
*Exact match for i=3 and j=4.
*i point 78.359000	0.442384	79.042867	0.967133	y
*Exact match for i=4 and j=5.
*i point 79.042867	0.967133	79.567616	1.651000	y
*Exact match for i=5 and j=6.
*i point 79.567616	1.651000	79.897487	2.447379	y
*Exact match for i=6 and j=7.
*i point 79.897487	2.447379	80.010000	3.302000	y
*Exact match for i=7 and j=8.
*i point 80.010000	3.302000	80.010000	36.703000	y
*Exact match for i=8 and j=9.
*i point 80.010000	36.703000	79.897487	37.557620	y
*Exact match for i=9 and j=10.
*i point 79.897487	37.557620	79.567616	38.354000	y
*Exact match for i=10 and j=11.
*i point 79.567616	38.354000	79.042867	39.037867	y
*Exact match for i=11 and j=12.
*i point 79.042867	39.037867	78.359000	39.562616	y
*Exact match for i=12 and j=13.
*i point 78.359000	39.562616	77.562620	39.892487	y
*Exact match for i=13 and j=14.
*i point 77.562620	39.892487	76.708000	40.005000	y
*Exact match for i=14 and j=15.
*i point 76.708000	40.005000	3.302000	40.005000	y
*Exact match for i=15 and j=16.
*i point 3.302000	40.005000	2.447380	39.892487	y
*Exact match for i=16 and j=17.
*i point 2.447380	39.892487	1.651000	39.562616	y
*Exact match for i=17 and j=18.
*i point 1.651000	39.562616	0.967133	39.037867	y
*Exact match for i=18 and j=19.
*i point 0.967133	39.037867	0.442384	38.354000	y
*Exact match for i=19 and j=20.
*i point 0.442384	38.354000	0.112513	37.557620	y
*Exact match for i=20 and j=21.
*i point 0.112513	37.557620	0.000000	36.703000	y
*Exact match for i=21 and j=22.
*i point 0.000000	36.703000	0.000000	3.302000	y
*Exact match for i=22 and j=23.
*i point 0.000000	3.302000	0.112513	2.447380	y
*Exact match for i=23 and j=24.
*i point 0.112513	2.447380	0.442384	1.651000	y
*Exact match for i=24 and j=25.
*i point 0.442384	1.651000	0.967133	0.967133	y
*Exact match for i=25 and j=26.
*i point 0.967133	0.967133	1.651000	0.442384	y
*Exact match for i=26 and j=27.
*i point 1.651000	0.442384	2.447379	0.112513	y
########### array after sorts ###########
0	3.302000	0.000000	76.708000	0.000000	y
1	76.708000	0.000000	77.562620	0.112513	y
2	77.562620	0.112513	78.359000	0.442384	y
3	78.359000	0.442384	79.042867	0.967133	y
4	79.042867	0.967133	79.567616	1.651000	y
5	79.567616	1.651000	79.897487	2.447379	y
6	79.897487	2.447379	80.010000	3.302000	y
7	80.010000	3.302000	80.010000	36.703000	y
8	80.010000	36.703000	79.897487	37.557620	y
9	79.897487	37.557620	79.567616	38.354000	y
10	79.567616	38.354000	79.042867	39.037867	y
11	79.042867	39.037867	78.359000	39.562616	y
12	78.359000	39.562616	77.562620	39.892487	y
13	77.562620	39.892487	76.708000	40.005000	y
14	76.708000	40.005000	3.302000	40.005000	y
15	3.302000	40.005000	2.447380	39.892487	y
16	2.447380	39.892487	1.651000	39.562616	y
17	1.651000	39.562616	0.967133	39.037867	y
18	0.967133	39.037867	0.442384	38.354000	y
19	0.442384	38.354000	0.112513	37.557620	y
20	0.112513	37.557620	0.000000	36.703000	y
21	0.000000	36.703000	0.000000	3.302000	y
22	0.000000	3.302000	0.112513	2.447380	y
23	0.112513	2.447380	0.442384	1.651000	y
24	0.442384	1.651000	0.967133	0.967133	y
25	0.967133	0.967133	1.651000	0.442384	y
26	1.651000	0.442384	2.447379	0.112513	y
27	2.447379	0.112513	3.302000	0.000000	y
***************
.BOARD_OUTLINE UNOWNED
1.6
0     3.302000     0.000000     0
0     76.708000     0.000000     0
0     77.562620     0.112513     0
0     78.359000     0.442384     0
0     79.042867     0.967133     0
0     79.567616     1.651000     0
0     79.897487     2.447379     0
0     80.010000     3.302000     0
0     80.010000     36.703000     0
0     79.897487     37.557620     0
0     79.567616     38.354000     0
0     79.042867     39.037867     0
0     78.359000     39.562616     0
0     77.562620     39.892487     0
0     76.708000     40.005000     0
0     3.302000     40.005000     0
0     2.447380     39.892487     0
0     1.651000     39.562616     0
0     0.967133     39.037867     0
0     0.442384     38.354000     0
0     0.112513     37.557620     0
0     0.000000     36.703000     0
0     0.000000     3.302000     0
0     0.112513     2.447380     0
0     0.442384     1.651000     0
0     0.967133     0.967133     0
0     1.651000     0.442384     0
0     2.447379     0.112513     0
0     3.302000     0.000000     0
